<?xml version="1.0" encoding="UTF-8"?>
<!-- Generated by org.testng.reporters.JUnitReportReporter -->
<testsuite hostname="Delson-Roy" failures="0" tests="1" name="script.DemoTest" time="21.927" errors="0" timestamp="2024-03-27T05:35:15 GMT-04:00" skipped="0">
  <testcase classname="script.DemoTest" name="testA" time="21.927"/>
  <system-out>
    <![CDATA[This is testA...]]>
  </system-out>
</testsuite> <!-- script.DemoTest -->
