<?xml version="1.0" encoding="UTF-8"?>
<!-- Generated by org.testng.reporters.JUnitReportReporter -->
<testsuite hostname="Delson-Roy" failures="0" tests="1" name="script.InvalidLogin" time="14.115" errors="0" timestamp="2024-05-01T20:07:01 GMT-04:00" skipped="0">
  <testcase classname="script.InvalidLogin" name="testInvalidLogin" time="14.115"/>
  <system-out/>
</testsuite> <!-- script.InvalidLogin -->
