<?xml version="1.0" encoding="UTF-8"?>
<!-- Generated by org.testng.reporters.JUnitReportReporter -->
<testsuite hostname="Delson-Roy" failures="0" tests="1" name="script.ValidLogin" time="6.735" errors="0" timestamp="2024-05-01T21:23:18 GMT-04:00" skipped="0">
  <testcase classname="script.ValidLogin" name="testValidLogin" time="6.735"/>
  <system-out/>
</testsuite> <!-- script.ValidLogin -->
