<?xml version="1.0" encoding="UTF-8"?>
<!-- Generated by org.testng.reporters.JUnitReportReporter -->
<testsuite hostname="Delson-Roy" failures="0" tests="1" name="script.ValidLogin" time="7.065" errors="0" timestamp="2024-04-04T10:32:29 GMT-04:00" skipped="0">
  <testcase classname="script.ValidLogin" name="testValidLogin" time="7.065"/>
  <system-out/>
</testsuite> <!-- script.ValidLogin -->
