<?xml version="1.0" encoding="UTF-8"?>
<!-- Generated by org.testng.reporters.JUnitReportReporter -->
<testsuite hostname="Delson-Roy" failures="0" tests="1" name="script.InvalidLogin" time="6.612" errors="0" timestamp="2024-04-04T19:19:08 GMT-04:00" skipped="0">
  <testcase classname="script.InvalidLogin" name="testInvalidLogin" time="6.612"/>
  <system-out/>
</testsuite> <!-- script.InvalidLogin -->
