<?xml version="1.0" encoding="UTF-8"?>
<!-- Generated by org.testng.reporters.JUnitReportReporter -->
<testsuite hostname="Delson-Roy" failures="0" tests="1" name="script.InvalidLogin" time="7.306" errors="0" timestamp="2024-04-04T18:07:58 GMT-04:00" skipped="0">
  <testcase classname="script.InvalidLogin" name="testInvalidLogin" time="7.306"/>
  <system-out/>
</testsuite> <!-- script.InvalidLogin -->
